2021-04-04 02:51:37 [INFO] 0 message
2021-04-04 02:51:38 [INFO] 1 message
2021-04-04 02:51:39 [INFO] 2 message
2021-04-04 02:51:40 [INFO] 3 message
2021-04-04 02:51:41 [INFO] 4 message
2021-04-04 02:51:53 [INFO] 0 message
2021-04-04 02:51:54 [INFO] 1 message
2021-04-04 02:51:55 [INFO] 2 message
2021-04-04 02:51:56 [INFO] 3 message
2021-04-04 02:51:57 [INFO] 4 message
2021-04-04 02:51:58 [ERRO] STOPED
2021-04-04 02:53:20 [INFO] 0 message
2021-04-04 02:53:21 [INFO] 1 message
2021-04-04 02:53:22 [INFO] 2 message
2021-04-04 02:53:23 [INFO] 3 message
2021-04-04 02:53:24 [INFO] 4 message
2021-04-04 02:53:25 [ERRO] STOPED
2021-04-04 02:53:27 [CRIT] WOWOW
2021-04-04 02:55:54 [INFO] 0 message
2021-04-04 03:55:20 [INFO] 0 message
2021-04-04 03:55:21 [INFO] 1 message
2021-04-04 03:55:22 [INFO] 2 message
2021-04-04 03:55:23 [INFO] 3 message
2021-04-04 03:55:24 [INFO] 4 message
2021-04-04 03:55:25 [ERRO] STOPED
2021-04-04 03:55:27 [CRIT] WOWOW
2021-04-04 04:18:16 [INFO] 0 message
2021-04-04 04:18:17 [INFO] 1 message
2021-04-04 04:18:18 [INFO] 2 message
2021-04-04 04:18:19 [INFO] 3 message
2021-04-04 04:18:21 [INFO] 4 message
2021-04-04 04:18:22 [ERRO] STOPED
2021-04-04 04:18:24 [CRIT] WOWOW
2021-04-04 04:33:22 [INFO] 0 message
2021-04-04 04:33:23 [INFO] 1 message
2021-04-04 04:33:24 [INFO] 2 message
2021-04-04 04:33:25 [INFO] 3 message
2021-04-04 04:33:26 [INFO] 4 message
2021-04-04 04:33:27 [ERRO] STOPED
2021-04-04 04:33:29 [CRIT] WOWOW
2021-04-04 04:38:54 [INFO] 0 message
2021-04-04 04:38:55 [INFO] 1 message
2021-04-04 04:38:56 [INFO] 2 message
2021-04-04 04:38:57 [INFO] 3 message
2021-04-04 04:38:58 [INFO] 4 message
2021-04-04 04:38:59 [ERRO] STOPED
2021-04-04 04:39:01 [CRIT] WOWOW
2021-04-04 04:41:31 [INFO] 0 message
2021-04-04 04:41:32 [INFO] 1 message
2021-04-04 04:41:33 [INFO] 2 message
2021-04-04 04:41:34 [INFO] 3 message
2021-04-04 04:41:35 [INFO] 4 message
2021-04-04 04:41:36 [ERRO] STOPED
2021-04-04 04:41:38 [CRIT] WOWOW
2021-04-04 05:03:04 [INFO] START
age
2021-04-04 05:03:05 [INFO] 1 message
2021-04-04 05:03:06 [INFO] 2 message
2021-04-04 05:03:07 [INFO] 3 message
2021-04-04 05:03:08 [INFO] 4 message
2021-04-04 05:03:09 [ERRO] STOPED
2021-04-04 05:03:11 [CRIT] WOWOW
